Copyright 1986-2021 Xilinx, Inc. All Rights Reserved.
-----------------------------------------------------------------------------------------------------------------------------------------------
| Tool Version : Vivado v.2021.1 (win64) Build 3247384 Thu Jun 10 19:36:33 MDT 2021
| Date         : Sun Jan 23 17:24:49 2022
| Host         : DESKTOP-R9KAKAD running 64-bit major release  (build 9200)
| Command      : report_methodology -file top_methodology_drc_routed.rpt -pb top_methodology_drc_routed.pb -rpx top_methodology_drc_routed.rpx
| Design       : top
| Device       : xc7a35tcpg236-1
| Speed File   : -1
| Design State : Fully Routed
-----------------------------------------------------------------------------------------------------------------------------------------------

Report Methodology

Table of Contents
-----------------
1. REPORT SUMMARY
2. REPORT DETAILS

1. REPORT SUMMARY
-----------------
            Netlist: netlist
          Floorplan: design_1
      Design limits: <entire design considered>
             Max violations: <unlimited>
             Violations found: 163
+-----------+----------+-------------------------------+------------+
| Rule      | Severity | Description                   | Violations |
+-----------+----------+-------------------------------+------------+
| LUTAR-1   | Warning  | LUT drives async reset alert  | 1          |
| TIMING-18 | Warning  | Missing input or output delay | 16         |
| TIMING-20 | Warning  | Non-clocked latch             | 146        |
+-----------+----------+-------------------------------+------------+

2. REPORT DETAILS
-----------------
LUTAR-1#1 Warning
LUT drives async reset alert  
LUT cell Xrow_reg[7]_i_3, with 2 or more inputs, drives asynchronous preset/clear pin(s) Xrow_reg[0]/PRE, Xrow_reg[1]/PRE, Xrow_reg[2]/PRE, Xrow_reg[3]/PRE,
Xrow_reg[4]/PRE, Xrow_reg[5]/PRE, Xrow_reg[6]/PRE, Yrow_reg[0]/CLR,
Yrow_reg[1]/CLR, Yrow_reg[2]/CLR, Yrow_reg[3]/CLR, Yrow_reg[4]/CLR,
Yrow_reg[5]/CLR, Yrow_reg[6]/CLR, Yrow_reg[7]/CLR
 (the first 15 of 16 listed). The LUT may glitch and trigger an unexpected reset, even if it is a properly timed path.
Related violations: <none>

TIMING-18#1 Warning
Missing input or output delay  
An input delay is missing on dwn relative to clock(s) sys_clk_pin
Related violations: <none>

TIMING-18#2 Warning
Missing input or output delay  
An input delay is missing on l relative to clock(s) sys_clk_pin
Related violations: <none>

TIMING-18#3 Warning
Missing input or output delay  
An input delay is missing on r relative to clock(s) sys_clk_pin
Related violations: <none>

TIMING-18#4 Warning
Missing input or output delay  
An input delay is missing on reset relative to clock(s) sys_clk_pin
Related violations: <none>

TIMING-18#5 Warning
Missing input or output delay  
An input delay is missing on up relative to clock(s) sys_clk_pin
Related violations: <none>

TIMING-18#6 Warning
Missing input or output delay  
An output delay is missing on Anode_Activate[0] relative to clock(s) sys_clk_pin
Related violations: <none>

TIMING-18#7 Warning
Missing input or output delay  
An output delay is missing on Anode_Activate[1] relative to clock(s) sys_clk_pin
Related violations: <none>

TIMING-18#8 Warning
Missing input or output delay  
An output delay is missing on Anode_Activate[2] relative to clock(s) sys_clk_pin
Related violations: <none>

TIMING-18#9 Warning
Missing input or output delay  
An output delay is missing on Anode_Activate[3] relative to clock(s) sys_clk_pin
Related violations: <none>

TIMING-18#10 Warning
Missing input or output delay  
An output delay is missing on LED_out[0] relative to clock(s) sys_clk_pin
Related violations: <none>

TIMING-18#11 Warning
Missing input or output delay  
An output delay is missing on LED_out[1] relative to clock(s) sys_clk_pin
Related violations: <none>

TIMING-18#12 Warning
Missing input or output delay  
An output delay is missing on LED_out[2] relative to clock(s) sys_clk_pin
Related violations: <none>

TIMING-18#13 Warning
Missing input or output delay  
An output delay is missing on LED_out[3] relative to clock(s) sys_clk_pin
Related violations: <none>

TIMING-18#14 Warning
Missing input or output delay  
An output delay is missing on LED_out[4] relative to clock(s) sys_clk_pin
Related violations: <none>

TIMING-18#15 Warning
Missing input or output delay  
An output delay is missing on LED_out[5] relative to clock(s) sys_clk_pin
Related violations: <none>

TIMING-18#16 Warning
Missing input or output delay  
An output delay is missing on LED_out[6] relative to clock(s) sys_clk_pin
Related violations: <none>

TIMING-20#1 Warning
Non-clocked latch  
The latch Xrow_reg[0] cannot be properly analyzed as its control pin Xrow_reg[0]/G is not reached by a timing clock
Related violations: <none>

TIMING-20#2 Warning
Non-clocked latch  
The latch Xrow_reg[1] cannot be properly analyzed as its control pin Xrow_reg[1]/G is not reached by a timing clock
Related violations: <none>

TIMING-20#3 Warning
Non-clocked latch  
The latch Xrow_reg[2] cannot be properly analyzed as its control pin Xrow_reg[2]/G is not reached by a timing clock
Related violations: <none>

TIMING-20#4 Warning
Non-clocked latch  
The latch Xrow_reg[3] cannot be properly analyzed as its control pin Xrow_reg[3]/G is not reached by a timing clock
Related violations: <none>

TIMING-20#5 Warning
Non-clocked latch  
The latch Xrow_reg[4] cannot be properly analyzed as its control pin Xrow_reg[4]/G is not reached by a timing clock
Related violations: <none>

TIMING-20#6 Warning
Non-clocked latch  
The latch Xrow_reg[5] cannot be properly analyzed as its control pin Xrow_reg[5]/G is not reached by a timing clock
Related violations: <none>

TIMING-20#7 Warning
Non-clocked latch  
The latch Xrow_reg[6] cannot be properly analyzed as its control pin Xrow_reg[6]/G is not reached by a timing clock
Related violations: <none>

TIMING-20#8 Warning
Non-clocked latch  
The latch Xrow_reg[7] cannot be properly analyzed as its control pin Xrow_reg[7]/G is not reached by a timing clock
Related violations: <none>

TIMING-20#9 Warning
Non-clocked latch  
The latch Yrow_reg[0] cannot be properly analyzed as its control pin Yrow_reg[0]/G is not reached by a timing clock
Related violations: <none>

TIMING-20#10 Warning
Non-clocked latch  
The latch Yrow_reg[1] cannot be properly analyzed as its control pin Yrow_reg[1]/G is not reached by a timing clock
Related violations: <none>

TIMING-20#11 Warning
Non-clocked latch  
The latch Yrow_reg[2] cannot be properly analyzed as its control pin Yrow_reg[2]/G is not reached by a timing clock
Related violations: <none>

TIMING-20#12 Warning
Non-clocked latch  
The latch Yrow_reg[3] cannot be properly analyzed as its control pin Yrow_reg[3]/G is not reached by a timing clock
Related violations: <none>

TIMING-20#13 Warning
Non-clocked latch  
The latch Yrow_reg[4] cannot be properly analyzed as its control pin Yrow_reg[4]/G is not reached by a timing clock
Related violations: <none>

TIMING-20#14 Warning
Non-clocked latch  
The latch Yrow_reg[5] cannot be properly analyzed as its control pin Yrow_reg[5]/G is not reached by a timing clock
Related violations: <none>

TIMING-20#15 Warning
Non-clocked latch  
The latch Yrow_reg[6] cannot be properly analyzed as its control pin Yrow_reg[6]/G is not reached by a timing clock
Related violations: <none>

TIMING-20#16 Warning
Non-clocked latch  
The latch Yrow_reg[7] cannot be properly analyzed as its control pin Yrow_reg[7]/G is not reached by a timing clock
Related violations: <none>

TIMING-20#17 Warning
Non-clocked latch  
The latch led1_reg cannot be properly analyzed as its control pin led1_reg/G is not reached by a timing clock
Related violations: <none>

TIMING-20#18 Warning
Non-clocked latch  
The latch playerX_reg[0] cannot be properly analyzed as its control pin playerX_reg[0]/G is not reached by a timing clock
Related violations: <none>

TIMING-20#19 Warning
Non-clocked latch  
The latch playerX_reg[1] cannot be properly analyzed as its control pin playerX_reg[1]/G is not reached by a timing clock
Related violations: <none>

TIMING-20#20 Warning
Non-clocked latch  
The latch playerX_reg[2] cannot be properly analyzed as its control pin playerX_reg[2]/G is not reached by a timing clock
Related violations: <none>

TIMING-20#21 Warning
Non-clocked latch  
The latch playerX_reg[3] cannot be properly analyzed as its control pin playerX_reg[3]/G is not reached by a timing clock
Related violations: <none>

TIMING-20#22 Warning
Non-clocked latch  
The latch playerX_reg[4] cannot be properly analyzed as its control pin playerX_reg[4]/G is not reached by a timing clock
Related violations: <none>

TIMING-20#23 Warning
Non-clocked latch  
The latch playerX_reg[5] cannot be properly analyzed as its control pin playerX_reg[5]/G is not reached by a timing clock
Related violations: <none>

TIMING-20#24 Warning
Non-clocked latch  
The latch playerX_reg[6] cannot be properly analyzed as its control pin playerX_reg[6]/G is not reached by a timing clock
Related violations: <none>

TIMING-20#25 Warning
Non-clocked latch  
The latch playerX_reg[7] cannot be properly analyzed as its control pin playerX_reg[7]/G is not reached by a timing clock
Related violations: <none>

TIMING-20#26 Warning
Non-clocked latch  
The latch playerY_reg[0] cannot be properly analyzed as its control pin playerY_reg[0]/G is not reached by a timing clock
Related violations: <none>

TIMING-20#27 Warning
Non-clocked latch  
The latch playerY_reg[1] cannot be properly analyzed as its control pin playerY_reg[1]/G is not reached by a timing clock
Related violations: <none>

TIMING-20#28 Warning
Non-clocked latch  
The latch playerY_reg[2] cannot be properly analyzed as its control pin playerY_reg[2]/G is not reached by a timing clock
Related violations: <none>

TIMING-20#29 Warning
Non-clocked latch  
The latch playerY_reg[3] cannot be properly analyzed as its control pin playerY_reg[3]/G is not reached by a timing clock
Related violations: <none>

TIMING-20#30 Warning
Non-clocked latch  
The latch playerY_reg[4] cannot be properly analyzed as its control pin playerY_reg[4]/G is not reached by a timing clock
Related violations: <none>

TIMING-20#31 Warning
Non-clocked latch  
The latch playerY_reg[5] cannot be properly analyzed as its control pin playerY_reg[5]/G is not reached by a timing clock
Related violations: <none>

TIMING-20#32 Warning
Non-clocked latch  
The latch playerY_reg[6] cannot be properly analyzed as its control pin playerY_reg[6]/G is not reached by a timing clock
Related violations: <none>

TIMING-20#33 Warning
Non-clocked latch  
The latch playerY_reg[7] cannot be properly analyzed as its control pin playerY_reg[7]/G is not reached by a timing clock
Related violations: <none>

TIMING-20#34 Warning
Non-clocked latch  
The latch score_reg[0] cannot be properly analyzed as its control pin score_reg[0]/G is not reached by a timing clock
Related violations: <none>

TIMING-20#35 Warning
Non-clocked latch  
The latch score_reg[10] cannot be properly analyzed as its control pin score_reg[10]/G is not reached by a timing clock
Related violations: <none>

TIMING-20#36 Warning
Non-clocked latch  
The latch score_reg[11] cannot be properly analyzed as its control pin score_reg[11]/G is not reached by a timing clock
Related violations: <none>

TIMING-20#37 Warning
Non-clocked latch  
The latch score_reg[12] cannot be properly analyzed as its control pin score_reg[12]/G is not reached by a timing clock
Related violations: <none>

TIMING-20#38 Warning
Non-clocked latch  
The latch score_reg[13] cannot be properly analyzed as its control pin score_reg[13]/G is not reached by a timing clock
Related violations: <none>

TIMING-20#39 Warning
Non-clocked latch  
The latch score_reg[14] cannot be properly analyzed as its control pin score_reg[14]/G is not reached by a timing clock
Related violations: <none>

TIMING-20#40 Warning
Non-clocked latch  
The latch score_reg[15] cannot be properly analyzed as its control pin score_reg[15]/G is not reached by a timing clock
Related violations: <none>

TIMING-20#41 Warning
Non-clocked latch  
The latch score_reg[16] cannot be properly analyzed as its control pin score_reg[16]/G is not reached by a timing clock
Related violations: <none>

TIMING-20#42 Warning
Non-clocked latch  
The latch score_reg[17] cannot be properly analyzed as its control pin score_reg[17]/G is not reached by a timing clock
Related violations: <none>

TIMING-20#43 Warning
Non-clocked latch  
The latch score_reg[18] cannot be properly analyzed as its control pin score_reg[18]/G is not reached by a timing clock
Related violations: <none>

TIMING-20#44 Warning
Non-clocked latch  
The latch score_reg[19] cannot be properly analyzed as its control pin score_reg[19]/G is not reached by a timing clock
Related violations: <none>

TIMING-20#45 Warning
Non-clocked latch  
The latch score_reg[1] cannot be properly analyzed as its control pin score_reg[1]/G is not reached by a timing clock
Related violations: <none>

TIMING-20#46 Warning
Non-clocked latch  
The latch score_reg[20] cannot be properly analyzed as its control pin score_reg[20]/G is not reached by a timing clock
Related violations: <none>

TIMING-20#47 Warning
Non-clocked latch  
The latch score_reg[21] cannot be properly analyzed as its control pin score_reg[21]/G is not reached by a timing clock
Related violations: <none>

TIMING-20#48 Warning
Non-clocked latch  
The latch score_reg[22] cannot be properly analyzed as its control pin score_reg[22]/G is not reached by a timing clock
Related violations: <none>

TIMING-20#49 Warning
Non-clocked latch  
The latch score_reg[23] cannot be properly analyzed as its control pin score_reg[23]/G is not reached by a timing clock
Related violations: <none>

TIMING-20#50 Warning
Non-clocked latch  
The latch score_reg[24] cannot be properly analyzed as its control pin score_reg[24]/G is not reached by a timing clock
Related violations: <none>

TIMING-20#51 Warning
Non-clocked latch  
The latch score_reg[25] cannot be properly analyzed as its control pin score_reg[25]/G is not reached by a timing clock
Related violations: <none>

TIMING-20#52 Warning
Non-clocked latch  
The latch score_reg[26] cannot be properly analyzed as its control pin score_reg[26]/G is not reached by a timing clock
Related violations: <none>

TIMING-20#53 Warning
Non-clocked latch  
The latch score_reg[27] cannot be properly analyzed as its control pin score_reg[27]/G is not reached by a timing clock
Related violations: <none>

TIMING-20#54 Warning
Non-clocked latch  
The latch score_reg[28] cannot be properly analyzed as its control pin score_reg[28]/G is not reached by a timing clock
Related violations: <none>

TIMING-20#55 Warning
Non-clocked latch  
The latch score_reg[29] cannot be properly analyzed as its control pin score_reg[29]/G is not reached by a timing clock
Related violations: <none>

TIMING-20#56 Warning
Non-clocked latch  
The latch score_reg[2] cannot be properly analyzed as its control pin score_reg[2]/G is not reached by a timing clock
Related violations: <none>

TIMING-20#57 Warning
Non-clocked latch  
The latch score_reg[30] cannot be properly analyzed as its control pin score_reg[30]/G is not reached by a timing clock
Related violations: <none>

TIMING-20#58 Warning
Non-clocked latch  
The latch score_reg[31] cannot be properly analyzed as its control pin score_reg[31]/G is not reached by a timing clock
Related violations: <none>

TIMING-20#59 Warning
Non-clocked latch  
The latch score_reg[3] cannot be properly analyzed as its control pin score_reg[3]/G is not reached by a timing clock
Related violations: <none>

TIMING-20#60 Warning
Non-clocked latch  
The latch score_reg[4] cannot be properly analyzed as its control pin score_reg[4]/G is not reached by a timing clock
Related violations: <none>

TIMING-20#61 Warning
Non-clocked latch  
The latch score_reg[5] cannot be properly analyzed as its control pin score_reg[5]/G is not reached by a timing clock
Related violations: <none>

TIMING-20#62 Warning
Non-clocked latch  
The latch score_reg[6] cannot be properly analyzed as its control pin score_reg[6]/G is not reached by a timing clock
Related violations: <none>

TIMING-20#63 Warning
Non-clocked latch  
The latch score_reg[7] cannot be properly analyzed as its control pin score_reg[7]/G is not reached by a timing clock
Related violations: <none>

TIMING-20#64 Warning
Non-clocked latch  
The latch score_reg[8] cannot be properly analyzed as its control pin score_reg[8]/G is not reached by a timing clock
Related violations: <none>

TIMING-20#65 Warning
Non-clocked latch  
The latch score_reg[9] cannot be properly analyzed as its control pin score_reg[9]/G is not reached by a timing clock
Related violations: <none>

TIMING-20#66 Warning
Non-clocked latch  
The latch targetX_reg[0] cannot be properly analyzed as its control pin targetX_reg[0]/G is not reached by a timing clock
Related violations: <none>

TIMING-20#67 Warning
Non-clocked latch  
The latch targetX_reg[1] cannot be properly analyzed as its control pin targetX_reg[1]/G is not reached by a timing clock
Related violations: <none>

TIMING-20#68 Warning
Non-clocked latch  
The latch targetX_reg[2] cannot be properly analyzed as its control pin targetX_reg[2]/G is not reached by a timing clock
Related violations: <none>

TIMING-20#69 Warning
Non-clocked latch  
The latch targetX_reg[3] cannot be properly analyzed as its control pin targetX_reg[3]/G is not reached by a timing clock
Related violations: <none>

TIMING-20#70 Warning
Non-clocked latch  
The latch targetX_reg[4] cannot be properly analyzed as its control pin targetX_reg[4]/G is not reached by a timing clock
Related violations: <none>

TIMING-20#71 Warning
Non-clocked latch  
The latch targetX_reg[5] cannot be properly analyzed as its control pin targetX_reg[5]/G is not reached by a timing clock
Related violations: <none>

TIMING-20#72 Warning
Non-clocked latch  
The latch targetX_reg[6] cannot be properly analyzed as its control pin targetX_reg[6]/G is not reached by a timing clock
Related violations: <none>

TIMING-20#73 Warning
Non-clocked latch  
The latch targetX_reg[7] cannot be properly analyzed as its control pin targetX_reg[7]/G is not reached by a timing clock
Related violations: <none>

TIMING-20#74 Warning
Non-clocked latch  
The latch targetXint_reg[0] cannot be properly analyzed as its control pin targetXint_reg[0]/G is not reached by a timing clock
Related violations: <none>

TIMING-20#75 Warning
Non-clocked latch  
The latch targetXint_reg[10] cannot be properly analyzed as its control pin targetXint_reg[10]/G is not reached by a timing clock
Related violations: <none>

TIMING-20#76 Warning
Non-clocked latch  
The latch targetXint_reg[11] cannot be properly analyzed as its control pin targetXint_reg[11]/G is not reached by a timing clock
Related violations: <none>

TIMING-20#77 Warning
Non-clocked latch  
The latch targetXint_reg[12] cannot be properly analyzed as its control pin targetXint_reg[12]/G is not reached by a timing clock
Related violations: <none>

TIMING-20#78 Warning
Non-clocked latch  
The latch targetXint_reg[13] cannot be properly analyzed as its control pin targetXint_reg[13]/G is not reached by a timing clock
Related violations: <none>

TIMING-20#79 Warning
Non-clocked latch  
The latch targetXint_reg[14] cannot be properly analyzed as its control pin targetXint_reg[14]/G is not reached by a timing clock
Related violations: <none>

TIMING-20#80 Warning
Non-clocked latch  
The latch targetXint_reg[15] cannot be properly analyzed as its control pin targetXint_reg[15]/G is not reached by a timing clock
Related violations: <none>

TIMING-20#81 Warning
Non-clocked latch  
The latch targetXint_reg[16] cannot be properly analyzed as its control pin targetXint_reg[16]/G is not reached by a timing clock
Related violations: <none>

TIMING-20#82 Warning
Non-clocked latch  
The latch targetXint_reg[17] cannot be properly analyzed as its control pin targetXint_reg[17]/G is not reached by a timing clock
Related violations: <none>

TIMING-20#83 Warning
Non-clocked latch  
The latch targetXint_reg[18] cannot be properly analyzed as its control pin targetXint_reg[18]/G is not reached by a timing clock
Related violations: <none>

TIMING-20#84 Warning
Non-clocked latch  
The latch targetXint_reg[19] cannot be properly analyzed as its control pin targetXint_reg[19]/G is not reached by a timing clock
Related violations: <none>

TIMING-20#85 Warning
Non-clocked latch  
The latch targetXint_reg[1] cannot be properly analyzed as its control pin targetXint_reg[1]/G is not reached by a timing clock
Related violations: <none>

TIMING-20#86 Warning
Non-clocked latch  
The latch targetXint_reg[20] cannot be properly analyzed as its control pin targetXint_reg[20]/G is not reached by a timing clock
Related violations: <none>

TIMING-20#87 Warning
Non-clocked latch  
The latch targetXint_reg[21] cannot be properly analyzed as its control pin targetXint_reg[21]/G is not reached by a timing clock
Related violations: <none>

TIMING-20#88 Warning
Non-clocked latch  
The latch targetXint_reg[22] cannot be properly analyzed as its control pin targetXint_reg[22]/G is not reached by a timing clock
Related violations: <none>

TIMING-20#89 Warning
Non-clocked latch  
The latch targetXint_reg[23] cannot be properly analyzed as its control pin targetXint_reg[23]/G is not reached by a timing clock
Related violations: <none>

TIMING-20#90 Warning
Non-clocked latch  
The latch targetXint_reg[24] cannot be properly analyzed as its control pin targetXint_reg[24]/G is not reached by a timing clock
Related violations: <none>

TIMING-20#91 Warning
Non-clocked latch  
The latch targetXint_reg[25] cannot be properly analyzed as its control pin targetXint_reg[25]/G is not reached by a timing clock
Related violations: <none>

TIMING-20#92 Warning
Non-clocked latch  
The latch targetXint_reg[26] cannot be properly analyzed as its control pin targetXint_reg[26]/G is not reached by a timing clock
Related violations: <none>

TIMING-20#93 Warning
Non-clocked latch  
The latch targetXint_reg[27] cannot be properly analyzed as its control pin targetXint_reg[27]/G is not reached by a timing clock
Related violations: <none>

TIMING-20#94 Warning
Non-clocked latch  
The latch targetXint_reg[28] cannot be properly analyzed as its control pin targetXint_reg[28]/G is not reached by a timing clock
Related violations: <none>

TIMING-20#95 Warning
Non-clocked latch  
The latch targetXint_reg[29] cannot be properly analyzed as its control pin targetXint_reg[29]/G is not reached by a timing clock
Related violations: <none>

TIMING-20#96 Warning
Non-clocked latch  
The latch targetXint_reg[2] cannot be properly analyzed as its control pin targetXint_reg[2]/G is not reached by a timing clock
Related violations: <none>

TIMING-20#97 Warning
Non-clocked latch  
The latch targetXint_reg[30] cannot be properly analyzed as its control pin targetXint_reg[30]/G is not reached by a timing clock
Related violations: <none>

TIMING-20#98 Warning
Non-clocked latch  
The latch targetXint_reg[31] cannot be properly analyzed as its control pin targetXint_reg[31]/G is not reached by a timing clock
Related violations: <none>

TIMING-20#99 Warning
Non-clocked latch  
The latch targetXint_reg[3] cannot be properly analyzed as its control pin targetXint_reg[3]/G is not reached by a timing clock
Related violations: <none>

TIMING-20#100 Warning
Non-clocked latch  
The latch targetXint_reg[4] cannot be properly analyzed as its control pin targetXint_reg[4]/G is not reached by a timing clock
Related violations: <none>

TIMING-20#101 Warning
Non-clocked latch  
The latch targetXint_reg[5] cannot be properly analyzed as its control pin targetXint_reg[5]/G is not reached by a timing clock
Related violations: <none>

TIMING-20#102 Warning
Non-clocked latch  
The latch targetXint_reg[6] cannot be properly analyzed as its control pin targetXint_reg[6]/G is not reached by a timing clock
Related violations: <none>

TIMING-20#103 Warning
Non-clocked latch  
The latch targetXint_reg[7] cannot be properly analyzed as its control pin targetXint_reg[7]/G is not reached by a timing clock
Related violations: <none>

TIMING-20#104 Warning
Non-clocked latch  
The latch targetXint_reg[8] cannot be properly analyzed as its control pin targetXint_reg[8]/G is not reached by a timing clock
Related violations: <none>

TIMING-20#105 Warning
Non-clocked latch  
The latch targetXint_reg[9] cannot be properly analyzed as its control pin targetXint_reg[9]/G is not reached by a timing clock
Related violations: <none>

TIMING-20#106 Warning
Non-clocked latch  
The latch targetY_reg[0] cannot be properly analyzed as its control pin targetY_reg[0]/G is not reached by a timing clock
Related violations: <none>

TIMING-20#107 Warning
Non-clocked latch  
The latch targetY_reg[1] cannot be properly analyzed as its control pin targetY_reg[1]/G is not reached by a timing clock
Related violations: <none>

TIMING-20#108 Warning
Non-clocked latch  
The latch targetY_reg[2] cannot be properly analyzed as its control pin targetY_reg[2]/G is not reached by a timing clock
Related violations: <none>

TIMING-20#109 Warning
Non-clocked latch  
The latch targetY_reg[3] cannot be properly analyzed as its control pin targetY_reg[3]/G is not reached by a timing clock
Related violations: <none>

TIMING-20#110 Warning
Non-clocked latch  
The latch targetY_reg[4] cannot be properly analyzed as its control pin targetY_reg[4]/G is not reached by a timing clock
Related violations: <none>

TIMING-20#111 Warning
Non-clocked latch  
The latch targetY_reg[5] cannot be properly analyzed as its control pin targetY_reg[5]/G is not reached by a timing clock
Related violations: <none>

TIMING-20#112 Warning
Non-clocked latch  
The latch targetY_reg[6] cannot be properly analyzed as its control pin targetY_reg[6]/G is not reached by a timing clock
Related violations: <none>

TIMING-20#113 Warning
Non-clocked latch  
The latch targetY_reg[7] cannot be properly analyzed as its control pin targetY_reg[7]/G is not reached by a timing clock
Related violations: <none>

TIMING-20#114 Warning
Non-clocked latch  
The latch targetYint_reg[0] cannot be properly analyzed as its control pin targetYint_reg[0]/G is not reached by a timing clock
Related violations: <none>

TIMING-20#115 Warning
Non-clocked latch  
The latch targetYint_reg[10] cannot be properly analyzed as its control pin targetYint_reg[10]/G is not reached by a timing clock
Related violations: <none>

TIMING-20#116 Warning
Non-clocked latch  
The latch targetYint_reg[11] cannot be properly analyzed as its control pin targetYint_reg[11]/G is not reached by a timing clock
Related violations: <none>

TIMING-20#117 Warning
Non-clocked latch  
The latch targetYint_reg[12] cannot be properly analyzed as its control pin targetYint_reg[12]/G is not reached by a timing clock
Related violations: <none>

TIMING-20#118 Warning
Non-clocked latch  
The latch targetYint_reg[13] cannot be properly analyzed as its control pin targetYint_reg[13]/G is not reached by a timing clock
Related violations: <none>

TIMING-20#119 Warning
Non-clocked latch  
The latch targetYint_reg[14] cannot be properly analyzed as its control pin targetYint_reg[14]/G is not reached by a timing clock
Related violations: <none>

TIMING-20#120 Warning
Non-clocked latch  
The latch targetYint_reg[15] cannot be properly analyzed as its control pin targetYint_reg[15]/G is not reached by a timing clock
Related violations: <none>

TIMING-20#121 Warning
Non-clocked latch  
The latch targetYint_reg[16] cannot be properly analyzed as its control pin targetYint_reg[16]/G is not reached by a timing clock
Related violations: <none>

TIMING-20#122 Warning
Non-clocked latch  
The latch targetYint_reg[17] cannot be properly analyzed as its control pin targetYint_reg[17]/G is not reached by a timing clock
Related violations: <none>

TIMING-20#123 Warning
Non-clocked latch  
The latch targetYint_reg[18] cannot be properly analyzed as its control pin targetYint_reg[18]/G is not reached by a timing clock
Related violations: <none>

TIMING-20#124 Warning
Non-clocked latch  
The latch targetYint_reg[19] cannot be properly analyzed as its control pin targetYint_reg[19]/G is not reached by a timing clock
Related violations: <none>

TIMING-20#125 Warning
Non-clocked latch  
The latch targetYint_reg[1] cannot be properly analyzed as its control pin targetYint_reg[1]/G is not reached by a timing clock
Related violations: <none>

TIMING-20#126 Warning
Non-clocked latch  
The latch targetYint_reg[20] cannot be properly analyzed as its control pin targetYint_reg[20]/G is not reached by a timing clock
Related violations: <none>

TIMING-20#127 Warning
Non-clocked latch  
The latch targetYint_reg[21] cannot be properly analyzed as its control pin targetYint_reg[21]/G is not reached by a timing clock
Related violations: <none>

TIMING-20#128 Warning
Non-clocked latch  
The latch targetYint_reg[22] cannot be properly analyzed as its control pin targetYint_reg[22]/G is not reached by a timing clock
Related violations: <none>

TIMING-20#129 Warning
Non-clocked latch  
The latch targetYint_reg[23] cannot be properly analyzed as its control pin targetYint_reg[23]/G is not reached by a timing clock
Related violations: <none>

TIMING-20#130 Warning
Non-clocked latch  
The latch targetYint_reg[24] cannot be properly analyzed as its control pin targetYint_reg[24]/G is not reached by a timing clock
Related violations: <none>

TIMING-20#131 Warning
Non-clocked latch  
The latch targetYint_reg[25] cannot be properly analyzed as its control pin targetYint_reg[25]/G is not reached by a timing clock
Related violations: <none>

TIMING-20#132 Warning
Non-clocked latch  
The latch targetYint_reg[26] cannot be properly analyzed as its control pin targetYint_reg[26]/G is not reached by a timing clock
Related violations: <none>

TIMING-20#133 Warning
Non-clocked latch  
The latch targetYint_reg[27] cannot be properly analyzed as its control pin targetYint_reg[27]/G is not reached by a timing clock
Related violations: <none>

TIMING-20#134 Warning
Non-clocked latch  
The latch targetYint_reg[28] cannot be properly analyzed as its control pin targetYint_reg[28]/G is not reached by a timing clock
Related violations: <none>

TIMING-20#135 Warning
Non-clocked latch  
The latch targetYint_reg[29] cannot be properly analyzed as its control pin targetYint_reg[29]/G is not reached by a timing clock
Related violations: <none>

TIMING-20#136 Warning
Non-clocked latch  
The latch targetYint_reg[2] cannot be properly analyzed as its control pin targetYint_reg[2]/G is not reached by a timing clock
Related violations: <none>

TIMING-20#137 Warning
Non-clocked latch  
The latch targetYint_reg[30] cannot be properly analyzed as its control pin targetYint_reg[30]/G is not reached by a timing clock
Related violations: <none>

TIMING-20#138 Warning
Non-clocked latch  
The latch targetYint_reg[31] cannot be properly analyzed as its control pin targetYint_reg[31]/G is not reached by a timing clock
Related violations: <none>

TIMING-20#139 Warning
Non-clocked latch  
The latch targetYint_reg[3] cannot be properly analyzed as its control pin targetYint_reg[3]/G is not reached by a timing clock
Related violations: <none>

TIMING-20#140 Warning
Non-clocked latch  
The latch targetYint_reg[4] cannot be properly analyzed as its control pin targetYint_reg[4]/G is not reached by a timing clock
Related violations: <none>

TIMING-20#141 Warning
Non-clocked latch  
The latch targetYint_reg[5] cannot be properly analyzed as its control pin targetYint_reg[5]/G is not reached by a timing clock
Related violations: <none>

TIMING-20#142 Warning
Non-clocked latch  
The latch targetYint_reg[6] cannot be properly analyzed as its control pin targetYint_reg[6]/G is not reached by a timing clock
Related violations: <none>

TIMING-20#143 Warning
Non-clocked latch  
The latch targetYint_reg[7] cannot be properly analyzed as its control pin targetYint_reg[7]/G is not reached by a timing clock
Related violations: <none>

TIMING-20#144 Warning
Non-clocked latch  
The latch targetYint_reg[8] cannot be properly analyzed as its control pin targetYint_reg[8]/G is not reached by a timing clock
Related violations: <none>

TIMING-20#145 Warning
Non-clocked latch  
The latch targetYint_reg[9] cannot be properly analyzed as its control pin targetYint_reg[9]/G is not reached by a timing clock
Related violations: <none>

TIMING-20#146 Warning
Non-clocked latch  
The latch won_reg cannot be properly analyzed as its control pin won_reg/G is not reached by a timing clock
Related violations: <none>


